
 ---------------START---------------------- 
 2023-08-19 21:00:18,240 - Could not find stored procedure 'Session_GetSessionCurrent'.; Error:  stackTrace 
 ----------------END--------------------- 
System.Data.SqlClient.SqlException (0x80131904): Could not find stored procedure 'Session_GetSessionCurrent'.
   at System.Data.SqlClient.SqlConnection.OnError(SqlException exception, Boolean breakConnection, Action`1 wrapCloseInAction)
   at System.Data.SqlClient.TdsParser.ThrowExceptionAndWarning(TdsParserStateObject stateObj, Boolean callerHasConnectionLock, Boolean asyncClose)
   at System.Data.SqlClient.TdsParser.TryRun(RunBehavior runBehavior, SqlCommand cmdHandler, SqlDataReader dataStream, BulkCopySimpleResultSet bulkCopyHandler, TdsParserStateObject stateObj, Boolean& dataReady)
   at System.Data.SqlClient.SqlDataReader.TryConsumeMetaData()
   at System.Data.SqlClient.SqlDataReader.get_MetaData()
   at System.Data.SqlClient.SqlCommand.FinishExecuteReader(SqlDataReader ds, RunBehavior runBehavior, String resetOptionsString, Boolean isInternal, Boolean forDescribeParameterEncryption, Boolean shouldCacheForAlwaysEncrypted)
   at System.Data.SqlClient.SqlCommand.RunExecuteReaderTds(CommandBehavior cmdBehavior, RunBehavior runBehavior, Boolean returnStream, Boolean async, Int32 timeout, Task& task, Boolean asyncWrite, Boolean inRetry, SqlDataReader ds, Boolean describeParameterEncryptionRequest)
   at System.Data.SqlClient.SqlCommand.RunExecuteReader(CommandBehavior cmdBehavior, RunBehavior runBehavior, Boolean returnStream, String method, TaskCompletionSource`1 completion, Int32 timeout, Task& task, Boolean& usedCache, Boolean asyncWrite, Boolean inRetry)
   at System.Data.SqlClient.SqlCommand.RunExecuteReader(CommandBehavior cmdBehavior, RunBehavior runBehavior, Boolean returnStream, String method)
   at System.Data.SqlClient.SqlCommand.ExecuteReader(CommandBehavior behavior, String method)
   at Framework.SqlMapper.<QueryInternal>d__36`1.MoveNext() in C:\Users\Doanh\Downloads\ThuNhapZingChart (1)\Framework\Framework\Framework\Dapper\SqlMapper.cs:line 862
   at System.Collections.Generic.List`1..ctor(IEnumerable`1 collection)
   at System.Linq.Enumerable.ToList[TSource](IEnumerable`1 source)
   at Framework.SqlMapper.Query[T](IDbConnection cnn, String sql, Object param, IDbTransaction transaction, Boolean buffered, Nullable`1 commandTimeout, Nullable`1 commandType) in C:\Users\Doanh\Downloads\ThuNhapZingChart (1)\Framework\Framework\Framework\Dapper\SqlMapper.cs:line 798
   at Framework.Data.ADOProvider.Procedure[T](String procedure, Object oParams, Boolean useCache) in C:\Users\Doanh\Downloads\ThuNhapZingChart (1)\Framework\Framework\Framework\Data\ADOProvider.cs:line 233
   at marketplace.IplSessionGames.GetYetSession() in C:\Users\Doanh\Downloads\ThuNhapZingChart (1)\Prototype\DAL\CS\SessionGames\IplSessionGames.cs:line 52
ClientConnectionId:e21cd403-f37f-4305-b472-2f6d5e550763
Error Number:2812,State:62,Class:16

 ---------------START---------------------- 
 2023-08-19 21:00:19,183 - Could not find stored procedure 'Session_GetSessionCurrent'.; Error:  stackTrace 
 ----------------END--------------------- 
System.Data.SqlClient.SqlException (0x80131904): Could not find stored procedure 'Session_GetSessionCurrent'.
   at System.Data.SqlClient.SqlConnection.OnError(SqlException exception, Boolean breakConnection, Action`1 wrapCloseInAction)
   at System.Data.SqlClient.TdsParser.ThrowExceptionAndWarning(TdsParserStateObject stateObj, Boolean callerHasConnectionLock, Boolean asyncClose)
   at System.Data.SqlClient.TdsParser.TryRun(RunBehavior runBehavior, SqlCommand cmdHandler, SqlDataReader dataStream, BulkCopySimpleResultSet bulkCopyHandler, TdsParserStateObject stateObj, Boolean& dataReady)
   at System.Data.SqlClient.SqlDataReader.TryConsumeMetaData()
   at System.Data.SqlClient.SqlDataReader.get_MetaData()
   at System.Data.SqlClient.SqlCommand.FinishExecuteReader(SqlDataReader ds, RunBehavior runBehavior, String resetOptionsString, Boolean isInternal, Boolean forDescribeParameterEncryption, Boolean shouldCacheForAlwaysEncrypted)
   at System.Data.SqlClient.SqlCommand.RunExecuteReaderTds(CommandBehavior cmdBehavior, RunBehavior runBehavior, Boolean returnStream, Boolean async, Int32 timeout, Task& task, Boolean asyncWrite, Boolean inRetry, SqlDataReader ds, Boolean describeParameterEncryptionRequest)
   at System.Data.SqlClient.SqlCommand.RunExecuteReader(CommandBehavior cmdBehavior, RunBehavior runBehavior, Boolean returnStream, String method, TaskCompletionSource`1 completion, Int32 timeout, Task& task, Boolean& usedCache, Boolean asyncWrite, Boolean inRetry)
   at System.Data.SqlClient.SqlCommand.RunExecuteReader(CommandBehavior cmdBehavior, RunBehavior runBehavior, Boolean returnStream, String method)
   at System.Data.SqlClient.SqlCommand.ExecuteReader(CommandBehavior behavior, String method)
   at Framework.SqlMapper.<QueryInternal>d__36`1.MoveNext() in C:\Users\Doanh\Downloads\ThuNhapZingChart (1)\Framework\Framework\Framework\Dapper\SqlMapper.cs:line 862
   at System.Collections.Generic.List`1..ctor(IEnumerable`1 collection)
   at System.Linq.Enumerable.ToList[TSource](IEnumerable`1 source)
   at Framework.SqlMapper.Query[T](IDbConnection cnn, String sql, Object param, IDbTransaction transaction, Boolean buffered, Nullable`1 commandTimeout, Nullable`1 commandType) in C:\Users\Doanh\Downloads\ThuNhapZingChart (1)\Framework\Framework\Framework\Dapper\SqlMapper.cs:line 798
   at Framework.Data.ADOProvider.Procedure[T](String procedure, Object oParams, Boolean useCache) in C:\Users\Doanh\Downloads\ThuNhapZingChart (1)\Framework\Framework\Framework\Data\ADOProvider.cs:line 233
   at marketplace.IplSessionGames.GetYetSession() in C:\Users\Doanh\Downloads\ThuNhapZingChart (1)\Prototype\DAL\CS\SessionGames\IplSessionGames.cs:line 52
ClientConnectionId:e21cd403-f37f-4305-b472-2f6d5e550763
Error Number:2812,State:62,Class:16
